2025-04-16 19:08:56,579 [INFO] - PID=80062 Starting the app with the following options:
2025-04-16 19:08:56,579 [INFO] - telemetry_port: 20777
server_port: 5000
udp_custom_action_code: None
udp_tyre_delta_action_code: None
post_race_data_autosave: True
refresh_interval: 200
disable_browser_autoload: False
log_file: png.log
log_file_size: 1000000
process_car_setup: True
forwarding_targets: []
stream_overlay_start_sample_data: False
2025-04-16 19:08:56,579 [INFO] - Directory 'data/2025_04_16/race-info/' created.
2025-04-16 19:08:56,612 [INFO] - Starting F1 telemetry server. Open one of the below addresses in your browser
    http://localhost:5000
    http://172.20.10.2:5000
    http://127.0.0.1:5000
NOTE: The tables will be empty until the red lights appear on the screen before the race start
That is when the game starts sending telemetry data
2025-04-16 19:09:18,810 [INFO] - PID=80243 Starting the app with the following options:
2025-04-16 19:09:18,810 [INFO] - telemetry_port: 20777
server_port: 5000
udp_custom_action_code: None
udp_tyre_delta_action_code: None
post_race_data_autosave: True
refresh_interval: 200
disable_browser_autoload: False
log_file: png.log
log_file_size: 1000000
process_car_setup: True
forwarding_targets: []
stream_overlay_start_sample_data: False
2025-04-16 19:09:18,817 [INFO] - Starting F1 telemetry server. Open one of the below addresses in your browser
    http://172.20.10.2:5000
    http://localhost:5000
    http://127.0.0.1:5000
NOTE: The tables will be empty until the red lights appear on the screen before the race start
That is when the game starts sending telemetry data
2025-04-16 19:09:52,710 [INFO] - PID=80835 Starting the app with the following options:
2025-04-16 19:09:52,710 [INFO] - telemetry_port: 20777
server_port: 5000
udp_custom_action_code: None
udp_tyre_delta_action_code: None
post_race_data_autosave: True
refresh_interval: 200
disable_browser_autoload: False
log_file: png.log
log_file_size: 1000000
process_car_setup: True
forwarding_targets: []
stream_overlay_start_sample_data: False
2025-04-16 19:09:52,718 [INFO] - Starting F1 telemetry server. Open one of the below addresses in your browser
    http://127.0.0.1:5000
    http://172.20.10.2:5000
    http://localhost:5000
NOTE: The tables will be empty until the red lights appear on the screen before the race start
That is when the game starts sending telemetry data
2025-04-16 19:10:51,283 [INFO] - PID=81518 Starting the app with the following options:
2025-04-16 19:10:51,283 [INFO] - telemetry_port: 20777
server_port: 5000
udp_custom_action_code: None
udp_tyre_delta_action_code: None
post_race_data_autosave: True
refresh_interval: 200
disable_browser_autoload: False
log_file: png.log
log_file_size: 1000000
process_car_setup: True
forwarding_targets: []
stream_overlay_start_sample_data: False
2025-04-16 19:10:51,291 [INFO] - Starting F1 telemetry server. Open one of the below addresses in your browser
    http://127.0.0.1:5000
    http://172.20.10.2:5000
    http://localhost:5000
NOTE: The tables will be empty until the red lights appear on the screen before the race start
That is when the game starts sending telemetry data
2025-04-16 19:12:35,997 [INFO] - PID=81776 Starting the app with the following options:
2025-04-16 19:12:35,998 [INFO] - telemetry_port: 20777
server_port: 5000
udp_custom_action_code: None
udp_tyre_delta_action_code: None
post_race_data_autosave: True
refresh_interval: 200
disable_browser_autoload: False
log_file: png.log
log_file_size: 1000000
process_car_setup: True
forwarding_targets: []
stream_overlay_start_sample_data: False
2025-04-16 19:12:36,028 [INFO] - Starting F1 telemetry server. Open one of the below addresses in your browser
    http://127.0.0.1:5000
    http://172.20.10.2:5000
    http://localhost:5000
NOTE: The tables will be empty until the red lights appear on the screen before the race start
That is when the game starts sending telemetry data
2025-04-16 19:13:18,623 [INFO] - PID=83060 Starting the app with the following options:
2025-04-16 19:13:18,623 [INFO] - telemetry_port: 20777
server_port: 5000
udp_custom_action_code: None
udp_tyre_delta_action_code: None
post_race_data_autosave: True
refresh_interval: 200
disable_browser_autoload: False
log_file: png.log
log_file_size: 1000000
process_car_setup: True
forwarding_targets: []
stream_overlay_start_sample_data: False
2025-04-16 19:13:18,659 [INFO] - Starting F1 telemetry server. Open one of the below addresses in your browser
    http://localhost:5000
    http://127.0.0.1:5000
    http://172.20.10.2:5000
NOTE: The tables will be empty until the red lights appear on the screen before the race start
That is when the game starts sending telemetry data
2025-04-16 19:14:06,975 [INFO] - PID=83936 Starting the app with the following options:
2025-04-16 19:14:06,976 [INFO] - telemetry_port: 20777
server_port: 5000
udp_custom_action_code: None
udp_tyre_delta_action_code: None
post_race_data_autosave: True
refresh_interval: 200
disable_browser_autoload: False
log_file: png.log
log_file_size: 1000000
process_car_setup: True
forwarding_targets: []
stream_overlay_start_sample_data: False
2025-04-16 19:14:06,997 [INFO] - Starting F1 telemetry server. Open one of the below addresses in your browser
    http://localhost:5000
    http://127.0.0.1:5000
    http://172.20.10.2:5000
NOTE: The tables will be empty until the red lights appear on the screen before the race start
That is when the game starts sending telemetry data
2025-04-16 19:15:56,069 [INFO] - PID=85514 Starting the app with the following options:
2025-04-16 19:15:56,069 [INFO] - telemetry_port: 20777
server_port: 5000
udp_custom_action_code: None
udp_tyre_delta_action_code: None
post_race_data_autosave: True
refresh_interval: 200
disable_browser_autoload: False
log_file: png.log
log_file_size: 1000000
process_car_setup: True
forwarding_targets: []
stream_overlay_start_sample_data: False
2025-04-16 19:15:56,083 [INFO] - Starting F1 telemetry server. Open one of the below addresses in your browser
    http://localhost:5000
    http://127.0.0.1:5000
    http://172.20.10.2:5000
NOTE: The tables will be empty until the red lights appear on the screen before the race start
That is when the game starts sending telemetry data
2025-04-16 19:20:25,697 [INFO] - PID=86092 Starting the app with the following options:
2025-04-16 19:20:25,697 [INFO] - telemetry_port: 20777
server_port: 5000
udp_custom_action_code: None
udp_tyre_delta_action_code: None
post_race_data_autosave: True
refresh_interval: 200
disable_browser_autoload: False
log_file: png.log
log_file_size: 1000000
process_car_setup: True
forwarding_targets: []
stream_overlay_start_sample_data: False
2025-04-16 19:20:25,706 [INFO] - Starting F1 telemetry server. Open one of the below addresses in your browser
    http://localhost:5000
    http://127.0.0.1:5000
    http://172.20.10.2:5000
NOTE: The tables will be empty until the red lights appear on the screen before the race start
That is when the game starts sending telemetry data
2025-04-16 19:22:54,642 [INFO] - PID=86503 Starting the app with the following options:
2025-04-16 19:22:54,643 [INFO] - telemetry_port: 20777
server_port: 5000
udp_custom_action_code: None
udp_tyre_delta_action_code: None
post_race_data_autosave: True
refresh_interval: 200
disable_browser_autoload: False
log_file: png.log
log_file_size: 1000000
process_car_setup: True
forwarding_targets: []
stream_overlay_start_sample_data: False
2025-04-16 19:22:54,653 [INFO] - Starting F1 telemetry server. Open one of the below addresses in your browser
    http://127.0.0.1:5000
    http://172.20.10.2:5000
    http://localhost:5000
NOTE: The tables will be empty until the red lights appear on the screen before the race start
That is when the game starts sending telemetry data
2025-04-16 19:26:56,727 [INFO] - PID=87226 Starting the app with the following options:
2025-04-16 19:26:56,727 [INFO] - telemetry_port: 20778
server_port: 5000
udp_custom_action_code: None
udp_tyre_delta_action_code: None
post_race_data_autosave: True
refresh_interval: 200
disable_browser_autoload: False
log_file: png.log
log_file_size: 1000000
process_car_setup: True
forwarding_targets: []
stream_overlay_start_sample_data: False
2025-04-16 19:26:56,734 [INFO] - Starting F1 telemetry server. Open one of the below addresses in your browser
    http://127.0.0.1:5000
    http://172.20.10.2:5000
    http://localhost:5000
NOTE: The tables will be empty until the red lights appear on the screen before the race start
That is when the game starts sending telemetry data
2025-04-16 19:27:06,593 [INFO] - PID=87394 Starting the app with the following options:
2025-04-16 19:27:06,593 [INFO] - telemetry_port: 20778
server_port: 8081
udp_custom_action_code: None
udp_tyre_delta_action_code: None
post_race_data_autosave: True
refresh_interval: 200
disable_browser_autoload: False
log_file: png.log
log_file_size: 1000000
process_car_setup: True
forwarding_targets: []
stream_overlay_start_sample_data: False
2025-04-16 19:27:06,603 [INFO] - Starting F1 telemetry server. Open one of the below addresses in your browser
    http://127.0.0.1:8081
    http://172.20.10.2:8081
    http://localhost:8081
NOTE: The tables will be empty until the red lights appear on the screen before the race start
That is when the game starts sending telemetry data
2025-04-16 19:28:30,436 [INFO] - PID=87675 Starting the app with the following options:
2025-04-16 19:28:30,436 [INFO] - telemetry_port: 20777
server_port: 8081
udp_custom_action_code: None
udp_tyre_delta_action_code: None
post_race_data_autosave: True
refresh_interval: 200
disable_browser_autoload: False
log_file: png.log
log_file_size: 1000000
process_car_setup: True
forwarding_targets: []
stream_overlay_start_sample_data: False
2025-04-16 19:28:30,443 [INFO] - Starting F1 telemetry server. Open one of the below addresses in your browser
    http://localhost:8081
    http://172.20.10.2:8081
    http://127.0.0.1:8081
NOTE: The tables will be empty until the red lights appear on the screen before the race start
That is when the game starts sending telemetry data
2025-04-16 19:37:07,395 [INFO] - PID=88372 Starting the app with the following options:
2025-04-16 19:37:07,396 [INFO] - telemetry_port: 20777
server_port: 8081
udp_custom_action_code: None
udp_tyre_delta_action_code: None
post_race_data_autosave: True
refresh_interval: 200
disable_browser_autoload: False
log_file: png.log
log_file_size: 1000000
process_car_setup: True
forwarding_targets: []
stream_overlay_start_sample_data: False
2025-04-16 19:37:07,431 [INFO] - Starting F1 telemetry server. Open one of the below addresses in your browser
    http://127.0.0.1:8081
    http://localhost:8081
    http://172.20.10.2:8081
NOTE: The tables will be empty until the red lights appear on the screen before the race start
That is when the game starts sending telemetry data
2025-04-16 19:40:49,888 [INFO] - PID=89385 Starting the app with the following options:
2025-04-16 19:40:49,889 [INFO] - telemetry_port: 20777
server_port: 8081
udp_custom_action_code: None
udp_tyre_delta_action_code: None
post_race_data_autosave: True
refresh_interval: 200
disable_browser_autoload: False
log_file: png.log
log_file_size: 1000000
process_car_setup: True
forwarding_targets: []
stream_overlay_start_sample_data: False
2025-04-16 19:40:49,898 [INFO] - Starting F1 telemetry server. Open one of the below addresses in your browser
    http://localhost:8081
    http://172.20.10.2:8081
    http://127.0.0.1:8081
NOTE: The tables will be empty until the red lights appear on the screen before the race start
That is when the game starts sending telemetry data
2025-04-16 19:50:10,959 [INFO] - Received Final Classification Packet.
2025-04-17 14:03:43,761 [INFO] - PID=5505 Starting the app with the following options:
2025-04-17 14:03:43,761 [INFO] - telemetry_port: 20777
server_port: 8081
udp_custom_action_code: None
udp_tyre_delta_action_code: None
post_race_data_autosave: True
refresh_interval: 200
disable_browser_autoload: False
log_file: png.log
log_file_size: 1000000
process_car_setup: True
forwarding_targets: []
stream_overlay_start_sample_data: False
2025-04-17 14:03:43,761 [INFO] - Directory 'data/2025_04_17/race-info/' created.
2025-04-17 14:03:43,809 [INFO] - Starting F1 telemetry server. Open one of the below addresses in your browser
    http://localhost:8081
    http://143.167.194.184:8081
    http://172.20.10.2:8081
NOTE: The tables will be empty until the red lights appear on the screen before the race start
That is when the game starts sending telemetry data
2025-04-21 15:01:30,195 [INFO] - PID=52680 Starting the app with the following options:
2025-04-21 15:01:30,196 [INFO] - telemetry_port: 20777
server_port: 8081
udp_custom_action_code: None
udp_tyre_delta_action_code: None
post_race_data_autosave: True
refresh_interval: 200
disable_browser_autoload: False
log_file: png.log
log_file_size: 1000000
process_car_setup: True
forwarding_targets: []
stream_overlay_start_sample_data: False
2025-04-21 15:01:30,196 [INFO] - Directory 'data/2025_04_21/race-info/' created.
2025-04-21 15:01:30,211 [INFO] - Starting F1 telemetry server. Open one of the below addresses in your browser
    http://10.130.157.3:8081
    http://172.20.10.2:8081
    http://127.0.0.1:8081
    http://localhost:8081
NOTE: The tables will be empty until the red lights appear on the screen before the race start
That is when the game starts sending telemetry data
2025-04-21 15:02:43,148 [INFO] - PID=53950 Starting the app with the following options:
2025-04-21 15:02:43,148 [INFO] - telemetry_port: 20777
server_port: 8081
udp_custom_action_code: None
udp_tyre_delta_action_code: None
post_race_data_autosave: True
refresh_interval: 200
disable_browser_autoload: False
log_file: png.log
log_file_size: 1000000
process_car_setup: True
forwarding_targets: []
stream_overlay_start_sample_data: False
2025-04-21 15:02:43,154 [INFO] - Starting F1 telemetry server. Open one of the below addresses in your browser
    http://127.0.0.1:8081
    http://10.130.157.3:8081
    http://172.20.10.2:8081
    http://localhost:8081
NOTE: The tables will be empty until the red lights appear on the screen before the race start
That is when the game starts sending telemetry data
2025-04-21 17:37:59,607 [INFO] - PID=69332 Starting the app with the following options:
2025-04-21 17:37:59,608 [INFO] - telemetry_port: 20777
server_port: 8081
udp_custom_action_code: None
udp_tyre_delta_action_code: None
post_race_data_autosave: True
refresh_interval: 200
disable_browser_autoload: False
log_file: png.log
log_file_size: 1000000
process_car_setup: True
forwarding_targets: []
stream_overlay_start_sample_data: False
2025-04-21 17:37:59,620 [INFO] - Starting F1 telemetry server. Open one of the below addresses in your browser
    http://localhost:8081
    http://172.20.10.2:8081
    http://127.0.0.1:8081
NOTE: The tables will be empty until the red lights appear on the screen before the race start
That is when the game starts sending telemetry data
2025-04-21 17:41:33,668 [INFO] - PID=69579 Starting the app with the following options:
2025-04-21 17:41:33,668 [INFO] - telemetry_port: 20777
server_port: 8081
udp_custom_action_code: None
udp_tyre_delta_action_code: None
post_race_data_autosave: True
refresh_interval: 200
disable_browser_autoload: False
log_file: png.log
log_file_size: 1000000
process_car_setup: True
forwarding_targets: []
stream_overlay_start_sample_data: False
2025-04-21 17:41:33,673 [INFO] - Starting F1 telemetry server. Open one of the below addresses in your browser
    http://172.20.10.2:8081
    http://127.0.0.1:8081
    http://localhost:8081
NOTE: The tables will be empty until the red lights appear on the screen before the race start
That is when the game starts sending telemetry data
